2024-08-24 06:26:39.351 [info] Experiment 'pythonCreateEnvOnPipInstall' is active
2024-08-24 06:26:39.351 [info] Experiment 'pythonRecommendTensorboardExt' is active
2024-08-24 06:26:39.351 [info] Experiment 'pythonTerminalEnvVarActivation' is active
2024-08-24 06:26:39.351 [info] Experiment 'pythonTestAdapter' is active
2024-08-24 06:26:39.351 [error] Reading directory to watch failed [Error: ENOENT: no such file or directory, scandir '/teamspace/studios/this_studio/.pixi/envs'
	at Object.readdirSync (node:fs:1507:26)
	at /teamspace/studios/this_studio/.vscode-server/extensions/ms-python.python-2024.12.3-linux-x64/out/client/extension.js:2:586747
	at /teamspace/studios/this_studio/.vscode-server/extensions/ms-python.python-2024.12.3-linux-x64/out/client/extension.js:2:586938
	at Array.map (<anonymous>)
	at d.initWatchers (/teamspace/studios/this_studio/.vscode-server/extensions/ms-python.python-2024.12.3-linux-x64/out/client/extension.js:2:586656)
	at process.processTicksAndRejections (node:internal/process/task_queues:95:5)
	at async d.ensureWatchersReady (/teamspace/studios/this_studio/.vscode-server/extensions/ms-python.python-2024.12.3-linux-x64/out/client/extension.js:2:543067)] {
  errno: -2,
  code: 'ENOENT',
  syscall: 'scandir',
  path: '/teamspace/studios/this_studio/.pixi/envs'
}
2024-08-24 06:26:39.351 [error] Dir "/teamspace/studios/this_studio/.pixi/envs" is not watchable (directory does not exist)
2024-08-24 06:26:39.351 [info] Default formatter is set to null for workspace /teamspace/studios/this_studio
2024-08-24 06:26:39.351 [info] Python interpreter path: /home/zeus/miniconda3/envs/cloudspace/bin/python
2024-08-24 06:26:42.213 [info] > pyenv which python
2024-08-24 06:26:42.213 [info] cwd: .
2024-08-24 06:26:44.056 [info] Starting Pylance language server.
2024-08-24 06:26:45.111 [info] > conda info --json
2024-08-24 06:29:28.280 [info] Discover tests for workspace name: this_studio - uri: /teamspace/studios/this_studio/main.py
2024-08-24 06:32:47.727 [info] Discover tests for workspace name: this_studio - uri: /teamspace/studios/this_studio/main.py
2024-08-24 06:32:51.635 [info] Discover tests for workspace name: this_studio - uri: /teamspace/studios/this_studio/main.py
2024-08-24 06:33:06.851 [info] Discover tests for workspace name: this_studio - uri: /teamspace/studios/this_studio/main.py
