2024-08-23 12:21:31.040 [info] Experiment 'pythonCreateEnvOnPipInstall' is active
2024-08-23 12:21:31.040 [info] Experiment 'pythonRecommendTensorboardExt' is active
2024-08-23 12:21:31.040 [info] Experiment 'pythonTerminalEnvVarActivation' is active
2024-08-23 12:21:31.040 [info] Experiment 'pythonTestAdapter' is active
2024-08-23 12:21:31.040 [error] Reading directory to watch failed [Error: ENOENT: no such file or directory, scandir '/teamspace/studios/this_studio/.pixi/envs'
	at Object.readdirSync (node:fs:1507:26)
	at /teamspace/studios/this_studio/.vscode-server/extensions/ms-python.python-2024.12.3-linux-x64/out/client/extension.js:2:586747
	at /teamspace/studios/this_studio/.vscode-server/extensions/ms-python.python-2024.12.3-linux-x64/out/client/extension.js:2:586938
	at Array.map (<anonymous>)
	at d.initWatchers (/teamspace/studios/this_studio/.vscode-server/extensions/ms-python.python-2024.12.3-linux-x64/out/client/extension.js:2:586656)
	at process.processTicksAndRejections (node:internal/process/task_queues:95:5)
	at async d.ensureWatchersReady (/teamspace/studios/this_studio/.vscode-server/extensions/ms-python.python-2024.12.3-linux-x64/out/client/extension.js:2:543067)] {
  errno: -2,
  code: 'ENOENT',
  syscall: 'scandir',
  path: '/teamspace/studios/this_studio/.pixi/envs'
}
2024-08-23 12:21:31.040 [error] Dir "/teamspace/studios/this_studio/.pixi/envs" is not watchable (directory does not exist)
2024-08-23 12:21:31.040 [info] Default formatter is set to null for workspace /teamspace/studios/this_studio
2024-08-23 12:21:31.040 [info] Python interpreter path: /home/zeus/miniconda3/envs/cloudspace/bin/python
2024-08-23 12:21:32.500 [info] > pyenv which python
2024-08-23 12:21:32.500 [info] cwd: .
2024-08-23 12:21:34.400 [info] Starting Pylance language server.
2024-08-23 12:21:36.599 [info] > conda info --json
2024-08-23 12:31:35.030 [info] CreateEnv Trigger - Skipping for /teamspace/studios/this_studio/main.py
2024-08-23 12:31:35.885 [info] Discover tests for workspace name: this_studio - uri: /teamspace/studios/this_studio/main.py
2024-08-23 12:31:36.009 [info] Send text to terminal: /home/zeus/miniconda3/envs/cloudspace/bin/python /teamspace/studios/this_studio/main.py
2024-08-23 12:32:03.357 [info] Send text to terminal: /home/zeus/miniconda3/envs/cloudspace/bin/python /teamspace/studios/this_studio/main.py
2024-08-23 12:33:55.789 [info] Discover tests for workspace name: this_studio - uri: /teamspace/studios/this_studio/main.py
2024-08-23 12:33:55.817 [info] Send text to terminal: /home/zeus/miniconda3/envs/cloudspace/bin/python /teamspace/studios/this_studio/main.py
2024-08-23 12:34:27.009 [info] Send text to terminal: /home/zeus/miniconda3/envs/cloudspace/bin/python /teamspace/studios/this_studio/main.py
2024-08-23 12:35:24.291 [info] Send text to terminal: /home/zeus/miniconda3/envs/cloudspace/bin/python /teamspace/studios/this_studio/main.py
2024-08-23 12:42:35.843 [info] Discover tests for workspace name: this_studio - uri: /teamspace/studios/this_studio/main.py
2024-08-23 12:42:35.862 [info] Send text to terminal: /home/zeus/miniconda3/envs/cloudspace/bin/python /teamspace/studios/this_studio/main.py
2024-08-23 12:46:29.504 [info] Discover tests for workspace name: this_studio - uri: /teamspace/studios/this_studio/main.py
2024-08-23 12:48:04.621 [info] Discover tests for workspace name: this_studio - uri: /teamspace/studios/this_studio/main.py
2024-08-23 12:48:21.387 [info] Send text to terminal: /home/zeus/miniconda3/envs/cloudspace/bin/python /teamspace/studios/this_studio/main.py
2024-08-23 12:50:58.011 [info] Discover tests for workspace name: this_studio - uri: /teamspace/studios/this_studio/main.py
2024-08-23 12:51:03.494 [info] Discover tests for workspace name: this_studio - uri: /teamspace/studios/this_studio/main.py
2024-08-23 12:51:07.480 [info] Discover tests for workspace name: this_studio - uri: /teamspace/studios/this_studio/main.py
2024-08-23 13:01:40.869 [info] Discover tests for workspace name: this_studio - uri: /teamspace/studios/this_studio/main.py
2024-08-23 13:03:19.302 [info] Discover tests for workspace name: this_studio - uri: /teamspace/studios/this_studio/main.py
2024-08-23 13:13:08.633 [info] Discover tests for workspace name: this_studio - uri: /teamspace/studios/this_studio/main.py
