2024-08-23 12:21:32.077 [info] [main] Log level: Info
2024-08-23 12:21:32.077 [info] [main] Validating found git in: "git"
2024-08-23 12:21:32.077 [info] [main] Using git "2.42.0" from "git"
2024-08-23 12:21:32.077 [info] [Model][doInitialScan] Initial repository scan started
2024-08-23 12:21:32.077 [info] > git rev-parse --show-toplevel [42ms]
2024-08-23 12:21:32.078 [info] fatal: not a git repository (or any parent up to mount point /teamspace/studios)
Stopping at filesystem boundary (GIT_DISCOVERY_ACROSS_FILESYSTEM not set).
2024-08-23 12:21:32.078 [info] > git rev-parse --show-toplevel [3ms]
2024-08-23 12:21:32.078 [info] fatal: not a git repository (or any parent up to mount point /teamspace/studios)
Stopping at filesystem boundary (GIT_DISCOVERY_ACROSS_FILESYSTEM not set).
2024-08-23 12:21:32.078 [info] > git rev-parse --show-toplevel [3ms]
2024-08-23 12:21:32.078 [info] fatal: not a git repository (or any parent up to mount point /teamspace/studios)
Stopping at filesystem boundary (GIT_DISCOVERY_ACROSS_FILESYSTEM not set).
2024-08-23 12:21:32.078 [info] > git rev-parse --show-toplevel [5ms]
2024-08-23 12:21:32.078 [info] fatal: not a git repository (or any parent up to mount point /teamspace/studios)
Stopping at filesystem boundary (GIT_DISCOVERY_ACROSS_FILESYSTEM not set).
2024-08-23 12:21:32.078 [info] > git rev-parse --show-toplevel [3ms]
2024-08-23 12:21:32.078 [info] fatal: not a git repository (or any parent up to mount point /teamspace/studios)
Stopping at filesystem boundary (GIT_DISCOVERY_ACROSS_FILESYSTEM not set).
2024-08-23 12:21:32.078 [info] > git rev-parse --show-toplevel [3ms]
2024-08-23 12:21:32.078 [info] fatal: not a git repository (or any parent up to mount point /teamspace/studios)
Stopping at filesystem boundary (GIT_DISCOVERY_ACROSS_FILESYSTEM not set).
2024-08-23 12:21:32.078 [info] > git rev-parse --show-toplevel [4ms]
2024-08-23 12:21:32.078 [info] fatal: not a git repository (or any parent up to mount point /teamspace/studios)
Stopping at filesystem boundary (GIT_DISCOVERY_ACROSS_FILESYSTEM not set).
2024-08-23 12:21:32.078 [info] > git rev-parse --show-toplevel [3ms]
2024-08-23 12:21:32.078 [info] fatal: not a git repository (or any parent up to mount point /teamspace/studios)
Stopping at filesystem boundary (GIT_DISCOVERY_ACROSS_FILESYSTEM not set).
2024-08-23 12:21:32.078 [info] > git rev-parse --show-toplevel [7ms]
2024-08-23 12:21:32.078 [info] fatal: not a git repository (or any parent up to mount point /teamspace/studios)
Stopping at filesystem boundary (GIT_DISCOVERY_ACROSS_FILESYSTEM not set).
2024-08-23 12:21:32.078 [info] > git rev-parse --show-toplevel [2ms]
2024-08-23 12:21:32.078 [info] fatal: not a git repository (or any parent up to mount point /teamspace/studios)
Stopping at filesystem boundary (GIT_DISCOVERY_ACROSS_FILESYSTEM not set).
2024-08-23 12:21:32.078 [info] [Model][doInitialScan] Initial repository scan completed - repositories (0), closed repositories (0), parent repositories (0), unsafe repositories (0)
