2024-08-28 06:38:28.168 [info] Extension host with pid 3558 started
2024-08-28 06:38:28.168 [error] Error: EEXIST: file already exists, open '/teamspace/studios/this_studio/.vscode-server/data/User/workspaceStorage/e44ac51663c7dbf3cef2fb7ab1d11736/vscode.lock'
2024-08-28 06:38:28.172 [info] Lock '/teamspace/studios/this_studio/.vscode-server/data/User/workspaceStorage/e44ac51663c7dbf3cef2fb7ab1d11736/vscode.lock': Could not acquire lock, checking if the file is stale.
2024-08-28 06:38:28.190 [info] Lock '/teamspace/studios/this_studio/.vscode-server/data/User/workspaceStorage/e44ac51663c7dbf3cef2fb7ab1d11736/vscode.lock': The pid 2814 appears to be gone.
2024-08-28 06:38:28.190 [info] Lock '/teamspace/studios/this_studio/.vscode-server/data/User/workspaceStorage/e44ac51663c7dbf3cef2fb7ab1d11736/vscode.lock': Deleting a stale lock.
2024-08-28 06:38:28.200 [info] Lock '/teamspace/studios/this_studio/.vscode-server/data/User/workspaceStorage/e44ac51663c7dbf3cef2fb7ab1d11736/vscode.lock': Lock acquired.
2024-08-28 06:38:29.156 [info] ExtensionService#_doActivateExtension vscode.emmet, startup: false, activationEvent: 'onLanguage'
2024-08-28 06:38:29.158 [info] ExtensionService#_doActivateExtension vscode.tunnel-forwarding, startup: false, activationEvent: 'onTunnel'
2024-08-28 06:38:29.159 [info] ExtensionService#_doActivateExtension ms-python.python, startup: false, activationEvent: 'onLanguage:python', root cause: ms-python.debugpy
2024-08-28 06:38:30.167 [info] ExtensionService#_doActivateExtension ms-python.debugpy, startup: false, activationEvent: 'onLanguage:python'
2024-08-28 06:38:30.167 [info] ExtensionService#_doActivateExtension ms-python.vscode-pylance, startup: false, activationEvent: 'onLanguage:python'
2024-08-28 06:38:30.459 [info] ExtensionService#_doActivateExtension vscode.git-base, startup: true, activationEvent: '*', root cause: vscode.git
2024-08-28 06:38:30.930 [info] ExtensionService#_doActivateExtension vscode.git, startup: true, activationEvent: '*'
2024-08-28 06:38:30.931 [info] ExtensionService#_doActivateExtension vscode.github, startup: true, activationEvent: '*'
2024-08-28 06:38:31.299 [info] Eager extensions activated
2024-08-28 06:38:31.299 [info] ExtensionService#_doActivateExtension vscode.debug-auto-launch, startup: false, activationEvent: 'onStartupFinished'
2024-08-28 06:38:31.300 [info] ExtensionService#_doActivateExtension vscode.merge-conflict, startup: false, activationEvent: 'onStartupFinished'
2024-08-28 06:57:01.454 [warning] [Decorations] CAPPING events from decorations provider vscode.git 10000
2024-08-28 06:57:02.234 [warning] [Decorations] CAPPING events from decorations provider vscode.git 10000
2024-08-28 06:57:02.800 [error] Error: No such branch: master.
	at N.getBranch (/teamspace/studios/this_studio/.vscode-server/cli/servers/Stable-fee1edb8d6d72a0ddff41e5f71a671c23ed924b9/server/extensions/git/dist/main.js:2:936645)
	at async T.retryRun (/teamspace/studios/this_studio/.vscode-server/cli/servers/Stable-fee1edb8d6d72a0ddff41e5f71a671c23ed924b9/server/extensions/git/dist/main.js:2:1032124)
	at async T.run (/teamspace/studios/this_studio/.vscode-server/cli/servers/Stable-fee1edb8d6d72a0ddff41e5f71a671c23ed924b9/server/extensions/git/dist/main.js:2:1031728)
	at async T.getBranch (/teamspace/studios/this_studio/.vscode-server/cli/servers/Stable-fee1edb8d6d72a0ddff41e5f71a671c23ed924b9/server/extensions/git/dist/main.js:2:1020077)
	at async T.getBranchBase (/teamspace/studios/this_studio/.vscode-server/cli/servers/Stable-fee1edb8d6d72a0ddff41e5f71a671c23ed924b9/server/extensions/git/dist/main.js:2:1020363)
	at async t.GitHistoryProvider.resolveHEADMergeBase (/teamspace/studios/this_studio/.vscode-server/cli/servers/Stable-fee1edb8d6d72a0ddff41e5f71a671c23ed924b9/server/extensions/git/dist/main.js:2:948043)
	at async t.GitHistoryProvider.onDidRunGitStatus (/teamspace/studios/this_studio/.vscode-server/cli/servers/Stable-fee1edb8d6d72a0ddff41e5f71a671c23ed924b9/server/extensions/git/dist/main.js:2:941421)
2024-08-28 06:57:03.246 [error] Error: No such branch: master.
	at N.getBranch (/teamspace/studios/this_studio/.vscode-server/cli/servers/Stable-fee1edb8d6d72a0ddff41e5f71a671c23ed924b9/server/extensions/git/dist/main.js:2:936645)
	at async T.retryRun (/teamspace/studios/this_studio/.vscode-server/cli/servers/Stable-fee1edb8d6d72a0ddff41e5f71a671c23ed924b9/server/extensions/git/dist/main.js:2:1032124)
	at async T.run (/teamspace/studios/this_studio/.vscode-server/cli/servers/Stable-fee1edb8d6d72a0ddff41e5f71a671c23ed924b9/server/extensions/git/dist/main.js:2:1031728)
	at async T.getBranch (/teamspace/studios/this_studio/.vscode-server/cli/servers/Stable-fee1edb8d6d72a0ddff41e5f71a671c23ed924b9/server/extensions/git/dist/main.js:2:1020077)
	at async T.getBranchBase (/teamspace/studios/this_studio/.vscode-server/cli/servers/Stable-fee1edb8d6d72a0ddff41e5f71a671c23ed924b9/server/extensions/git/dist/main.js:2:1020363)
	at async t.GitHistoryProvider.resolveHEADMergeBase (/teamspace/studios/this_studio/.vscode-server/cli/servers/Stable-fee1edb8d6d72a0ddff41e5f71a671c23ed924b9/server/extensions/git/dist/main.js:2:948043)
	at async t.GitHistoryProvider.onDidRunGitStatus (/teamspace/studios/this_studio/.vscode-server/cli/servers/Stable-fee1edb8d6d72a0ddff41e5f71a671c23ed924b9/server/extensions/git/dist/main.js:2:941421)
