2024-08-24 06:26:42.214 [info] [main] Log level: Info
2024-08-24 06:26:42.214 [info] [main] Validating found git in: "git"
2024-08-24 06:26:42.214 [info] [main] Using git "2.42.0" from "git"
2024-08-24 06:26:42.214 [info] [Model][doInitialScan] Initial repository scan started
2024-08-24 06:26:42.214 [info] > git rev-parse --show-toplevel [1ms]
2024-08-24 06:26:42.214 [info] fatal: not a git repository (or any parent up to mount point /teamspace/studios)
Stopping at filesystem boundary (GIT_DISCOVERY_ACROSS_FILESYSTEM not set).
2024-08-24 06:26:42.214 [info] > git rev-parse --show-toplevel [2ms]
2024-08-24 06:26:42.214 [info] fatal: not a git repository (or any parent up to mount point /teamspace/studios)
Stopping at filesystem boundary (GIT_DISCOVERY_ACROSS_FILESYSTEM not set).
2024-08-24 06:26:42.214 [info] > git rev-parse --show-toplevel [1ms]
2024-08-24 06:26:42.214 [info] fatal: not a git repository (or any parent up to mount point /teamspace/studios)
Stopping at filesystem boundary (GIT_DISCOVERY_ACROSS_FILESYSTEM not set).
2024-08-24 06:26:42.214 [info] > git rev-parse --show-toplevel [1ms]
2024-08-24 06:26:42.214 [info] fatal: not a git repository (or any parent up to mount point /teamspace/studios)
Stopping at filesystem boundary (GIT_DISCOVERY_ACROSS_FILESYSTEM not set).
2024-08-24 06:26:42.214 [info] > git rev-parse --show-toplevel [2ms]
2024-08-24 06:26:42.214 [info] fatal: not a git repository (or any parent up to mount point /teamspace/studios)
Stopping at filesystem boundary (GIT_DISCOVERY_ACROSS_FILESYSTEM not set).
2024-08-24 06:26:42.214 [info] > git rev-parse --show-toplevel [2ms]
2024-08-24 06:26:42.214 [info] fatal: not a git repository (or any parent up to mount point /teamspace/studios)
Stopping at filesystem boundary (GIT_DISCOVERY_ACROSS_FILESYSTEM not set).
2024-08-24 06:26:42.214 [info] > git rev-parse --show-toplevel [1ms]
2024-08-24 06:26:42.214 [info] fatal: not a git repository (or any parent up to mount point /teamspace/studios)
Stopping at filesystem boundary (GIT_DISCOVERY_ACROSS_FILESYSTEM not set).
2024-08-24 06:26:42.214 [info] > git rev-parse --show-toplevel [2ms]
2024-08-24 06:26:42.214 [info] fatal: not a git repository (or any parent up to mount point /teamspace/studios)
Stopping at filesystem boundary (GIT_DISCOVERY_ACROSS_FILESYSTEM not set).
2024-08-24 06:26:42.214 [info] > git rev-parse --show-toplevel [2ms]
2024-08-24 06:26:42.214 [info] fatal: not a git repository (or any parent up to mount point /teamspace/studios)
Stopping at filesystem boundary (GIT_DISCOVERY_ACROSS_FILESYSTEM not set).
2024-08-24 06:26:42.214 [info] > git rev-parse --show-toplevel [1ms]
2024-08-24 06:26:42.214 [info] fatal: not a git repository (or any parent up to mount point /teamspace/studios)
Stopping at filesystem boundary (GIT_DISCOVERY_ACROSS_FILESYSTEM not set).
2024-08-24 06:26:42.214 [info] > git rev-parse --show-toplevel [1ms]
2024-08-24 06:26:42.214 [info] fatal: not a git repository (or any parent up to mount point /teamspace/studios)
Stopping at filesystem boundary (GIT_DISCOVERY_ACROSS_FILESYSTEM not set).
2024-08-24 06:26:42.214 [info] [Model][doInitialScan] Initial repository scan completed - repositories (0), closed repositories (0), parent repositories (0), unsafe repositories (0)
2024-08-24 08:23:25.692 [info] > git rev-parse --show-toplevel [17ms]
2024-08-24 08:23:25.693 [info] fatal: not a git repository (or any parent up to mount point /teamspace/studios)
Stopping at filesystem boundary (GIT_DISCOVERY_ACROSS_FILESYSTEM not set).
