2024-08-23 08:02:35.618 [info] [main] Log level: Info
2024-08-23 08:02:35.618 [info] [main] Validating found git in: "git"
2024-08-23 08:02:35.618 [info] [main] Using git "2.42.0" from "git"
2024-08-23 08:02:35.618 [info] [Model][doInitialScan] Initial repository scan started
2024-08-23 08:02:35.618 [info] > git rev-parse --show-toplevel [3ms]
2024-08-23 08:02:35.618 [info] fatal: not a git repository (or any parent up to mount point /teamspace/studios)
Stopping at filesystem boundary (GIT_DISCOVERY_ACROSS_FILESYSTEM not set).
2024-08-23 08:02:35.618 [info] > git rev-parse --show-toplevel [2ms]
2024-08-23 08:02:35.618 [info] fatal: not a git repository (or any parent up to mount point /teamspace/studios)
Stopping at filesystem boundary (GIT_DISCOVERY_ACROSS_FILESYSTEM not set).
2024-08-23 08:02:35.618 [info] > git rev-parse --show-toplevel [2ms]
2024-08-23 08:02:35.618 [info] fatal: not a git repository (or any parent up to mount point /teamspace/studios)
Stopping at filesystem boundary (GIT_DISCOVERY_ACROSS_FILESYSTEM not set).
2024-08-23 08:02:35.618 [info] > git rev-parse --show-toplevel [2ms]
2024-08-23 08:02:35.618 [info] fatal: not a git repository (or any parent up to mount point /teamspace/studios)
Stopping at filesystem boundary (GIT_DISCOVERY_ACROSS_FILESYSTEM not set).
2024-08-23 08:02:35.619 [info] > git rev-parse --show-toplevel [1ms]
2024-08-23 08:02:35.619 [info] fatal: not a git repository (or any parent up to mount point /teamspace/studios)
Stopping at filesystem boundary (GIT_DISCOVERY_ACROSS_FILESYSTEM not set).
2024-08-23 08:02:35.619 [info] > git rev-parse --show-toplevel [2ms]
2024-08-23 08:02:35.619 [info] fatal: not a git repository (or any parent up to mount point /teamspace/studios)
Stopping at filesystem boundary (GIT_DISCOVERY_ACROSS_FILESYSTEM not set).
2024-08-23 08:02:35.619 [info] > git rev-parse --show-toplevel [2ms]
2024-08-23 08:02:35.619 [info] fatal: not a git repository (or any parent up to mount point /teamspace/studios)
Stopping at filesystem boundary (GIT_DISCOVERY_ACROSS_FILESYSTEM not set).
2024-08-23 08:02:35.619 [info] > git rev-parse --show-toplevel [2ms]
2024-08-23 08:02:35.619 [info] fatal: not a git repository (or any parent up to mount point /teamspace/studios)
Stopping at filesystem boundary (GIT_DISCOVERY_ACROSS_FILESYSTEM not set).
2024-08-23 08:02:35.619 [info] > git rev-parse --show-toplevel [2ms]
2024-08-23 08:02:35.619 [info] fatal: not a git repository (or any parent up to mount point /teamspace/studios)
Stopping at filesystem boundary (GIT_DISCOVERY_ACROSS_FILESYSTEM not set).
2024-08-23 08:02:35.619 [info] [Model][doInitialScan] Initial repository scan completed - repositories (0), closed repositories (0), parent repositories (0), unsafe repositories (0)
2024-08-23 08:02:56.861 [info] > git rev-parse --show-toplevel [2ms]
2024-08-23 08:02:56.861 [info] fatal: not a git repository (or any parent up to mount point /teamspace/studios)
Stopping at filesystem boundary (GIT_DISCOVERY_ACROSS_FILESYSTEM not set).
2024-08-23 08:04:17.986 [info] > git rev-parse --show-toplevel [2ms]
2024-08-23 08:04:17.987 [info] fatal: not a git repository (or any parent up to mount point /teamspace/studios)
Stopping at filesystem boundary (GIT_DISCOVERY_ACROSS_FILESYSTEM not set).
2024-08-23 08:05:03.020 [info] > git rev-parse --show-toplevel [3ms]
2024-08-23 08:05:03.021 [info] fatal: not a git repository (or any parent up to mount point /teamspace/studios)
Stopping at filesystem boundary (GIT_DISCOVERY_ACROSS_FILESYSTEM not set).
2024-08-23 08:05:29.500 [info] > git rev-parse --show-toplevel [22ms]
2024-08-23 08:05:29.500 [info] fatal: not a git repository (or any parent up to mount point /teamspace/studios)
Stopping at filesystem boundary (GIT_DISCOVERY_ACROSS_FILESYSTEM not set).
2024-08-23 08:05:30.172 [warning] [Model][getRepositoryExact] Failed to get repository realpath for: "/teamspace/studios/this_studio/.vscode-server/extensions/.48310f16-2084-43e5-8567-658350483614/bundled/libs/debugpy/_vendored/pydevd/_pydevd_frame_eval/". Error:Error: ENOENT: no such file or directory, realpath '/teamspace/studios/this_studio/.vscode-server/extensions/.48310f16-2084-43e5-8567-658350483614/bundled/libs/debugpy/_vendored/pydevd/_pydevd_frame_eval/'
2024-08-23 08:05:30.699 [warning] [Model][getRepositoryExact] Failed to get repository realpath for: "/teamspace/studios/this_studio/.vscode-server/extensions/.48310f16-2084-43e5-8567-658350483614/bundled/libs/debugpy/_vendored/pydevd/pydevd_attach_to_process/linux_and_mac/". Error:Error: ENOENT: no such file or directory, realpath '/teamspace/studios/this_studio/.vscode-server/extensions/.48310f16-2084-43e5-8567-658350483614/bundled/libs/debugpy/_vendored/pydevd/pydevd_attach_to_process/linux_and_mac/'
2024-08-23 08:05:37.357 [info] > git rev-parse --show-toplevel [4ms]
2024-08-23 08:05:37.358 [info] fatal: not a git repository (or any parent up to mount point /teamspace/studios)
Stopping at filesystem boundary (GIT_DISCOVERY_ACROSS_FILESYSTEM not set).
2024-08-23 08:05:37.363 [info] > git rev-parse --show-toplevel [3ms]
2024-08-23 08:05:37.363 [info] fatal: not a git repository (or any parent up to mount point /teamspace/studios)
Stopping at filesystem boundary (GIT_DISCOVERY_ACROSS_FILESYSTEM not set).
2024-08-23 08:08:10.964 [info] > git rev-parse --show-toplevel [4ms]
2024-08-23 08:08:10.965 [info] fatal: not a git repository (or any parent up to mount point /teamspace/studios)
Stopping at filesystem boundary (GIT_DISCOVERY_ACROSS_FILESYSTEM not set).
2024-08-23 08:08:55.450 [info] > git rev-parse --show-toplevel [10ms]
2024-08-23 08:08:55.451 [info] fatal: not a git repository (or any parent up to mount point /teamspace/studios)
Stopping at filesystem boundary (GIT_DISCOVERY_ACROSS_FILESYSTEM not set).
2024-08-23 08:09:38.670 [info] > git rev-parse --show-toplevel [2ms]
2024-08-23 08:09:38.670 [info] fatal: not a git repository (or any parent up to mount point /teamspace/studios)
Stopping at filesystem boundary (GIT_DISCOVERY_ACROSS_FILESYSTEM not set).
2024-08-23 08:14:41.207 [info] > git rev-parse --show-toplevel [3ms]
2024-08-23 08:14:41.207 [info] fatal: not a git repository (or any parent up to mount point /teamspace/studios)
Stopping at filesystem boundary (GIT_DISCOVERY_ACROSS_FILESYSTEM not set).
2024-08-23 08:28:42.208 [info] > git rev-parse --show-toplevel [2ms]
2024-08-23 08:28:42.208 [info] fatal: not a git repository (or any parent up to mount point /teamspace/studios)
Stopping at filesystem boundary (GIT_DISCOVERY_ACROSS_FILESYSTEM not set).
2024-08-23 08:28:46.055 [info] > git rev-parse --show-toplevel [3ms]
2024-08-23 08:28:46.056 [info] fatal: not a git repository (or any parent up to mount point /teamspace/studios)
Stopping at filesystem boundary (GIT_DISCOVERY_ACROSS_FILESYSTEM not set).
2024-08-23 08:28:47.050 [info] > git rev-parse --show-toplevel [2ms]
2024-08-23 08:28:47.050 [info] fatal: not a git repository (or any parent up to mount point /teamspace/studios)
Stopping at filesystem boundary (GIT_DISCOVERY_ACROSS_FILESYSTEM not set).
