2024-08-28 06:38:32.479 [info] [main] Log level: Info
2024-08-28 06:38:32.479 [info] [main] Validating found git in: "git"
2024-08-28 06:38:32.479 [info] [main] Using git "2.42.0" from "git"
2024-08-28 06:38:32.479 [info] [Model][doInitialScan] Initial repository scan started
2024-08-28 06:38:32.479 [info] > git rev-parse --show-toplevel [3ms]
2024-08-28 06:38:32.479 [info] fatal: not a git repository (or any parent up to mount point /teamspace/studios)
Stopping at filesystem boundary (GIT_DISCOVERY_ACROSS_FILESYSTEM not set).
2024-08-28 06:38:32.479 [info] > git rev-parse --show-toplevel [3ms]
2024-08-28 06:38:32.479 [info] fatal: not a git repository (or any parent up to mount point /teamspace/studios)
Stopping at filesystem boundary (GIT_DISCOVERY_ACROSS_FILESYSTEM not set).
2024-08-28 06:38:32.479 [info] > git rev-parse --show-toplevel [2ms]
2024-08-28 06:38:32.479 [info] fatal: not a git repository (or any parent up to mount point /teamspace/studios)
Stopping at filesystem boundary (GIT_DISCOVERY_ACROSS_FILESYSTEM not set).
2024-08-28 06:38:32.479 [info] > git rev-parse --show-toplevel [2ms]
2024-08-28 06:38:32.479 [info] fatal: not a git repository (or any parent up to mount point /teamspace/studios)
Stopping at filesystem boundary (GIT_DISCOVERY_ACROSS_FILESYSTEM not set).
2024-08-28 06:38:32.479 [info] > git rev-parse --show-toplevel [1ms]
2024-08-28 06:38:32.479 [info] fatal: not a git repository (or any parent up to mount point /teamspace/studios)
Stopping at filesystem boundary (GIT_DISCOVERY_ACROSS_FILESYSTEM not set).
2024-08-28 06:38:32.479 [info] > git rev-parse --show-toplevel [2ms]
2024-08-28 06:38:32.479 [info] fatal: not a git repository (or any parent up to mount point /teamspace/studios)
Stopping at filesystem boundary (GIT_DISCOVERY_ACROSS_FILESYSTEM not set).
2024-08-28 06:38:32.479 [info] > git rev-parse --show-toplevel [3ms]
2024-08-28 06:38:32.479 [info] fatal: not a git repository (or any parent up to mount point /teamspace/studios)
Stopping at filesystem boundary (GIT_DISCOVERY_ACROSS_FILESYSTEM not set).
2024-08-28 06:38:32.479 [info] > git rev-parse --show-toplevel [2ms]
2024-08-28 06:38:32.479 [info] fatal: not a git repository (or any parent up to mount point /teamspace/studios)
Stopping at filesystem boundary (GIT_DISCOVERY_ACROSS_FILESYSTEM not set).
2024-08-28 06:38:32.479 [info] > git rev-parse --show-toplevel [1ms]
2024-08-28 06:38:32.479 [info] fatal: not a git repository (or any parent up to mount point /teamspace/studios)
Stopping at filesystem boundary (GIT_DISCOVERY_ACROSS_FILESYSTEM not set).
2024-08-28 06:38:32.479 [info] > git rev-parse --show-toplevel [7ms]
2024-08-28 06:38:32.479 [info] fatal: not a git repository (or any parent up to mount point /teamspace/studios)
Stopping at filesystem boundary (GIT_DISCOVERY_ACROSS_FILESYSTEM not set).
2024-08-28 06:38:32.479 [info] > git rev-parse --show-toplevel [1ms]
2024-08-28 06:38:32.479 [info] fatal: not a git repository (or any parent up to mount point /teamspace/studios)
Stopping at filesystem boundary (GIT_DISCOVERY_ACROSS_FILESYSTEM not set).
2024-08-28 06:38:32.479 [info] [Model][doInitialScan] Initial repository scan completed - repositories (0), closed repositories (0), parent repositories (0), unsafe repositories (0)
2024-08-28 06:56:53.582 [info] > git rev-parse --show-toplevel [2ms]
2024-08-28 06:56:53.590 [info] > git rev-parse --git-dir --git-common-dir [1ms]
2024-08-28 06:56:53.601 [info] [Model][openRepository] Opened repository: /teamspace/studios/this_studio
2024-08-28 06:56:53.608 [info] [Git][getRemotes] No remotes found in the git config file
2024-08-28 06:56:53.611 [info] > git config --get commit.template [5ms]
2024-08-28 06:56:53.611 [info] > git for-each-ref --format=%(refname)%00%(upstream:short)%00%(objectname)%00%(upstream:track)%00%(upstream:remotename)%00%(upstream:remoteref) refs/heads/master refs/remotes/master [3ms]
2024-08-28 06:56:53.611 [warning] [Git][getBranch] No such branch: master
2024-08-28 06:56:54.493 [info] > git check-ignore -v -z --stdin [3ms]
2024-08-28 06:56:54.668 [info] > git show --textconv :main.py [4ms]
2024-08-28 06:56:54.673 [info] > git ls-files --stage -- /teamspace/studios/this_studio/main.py [7ms]
2024-08-28 06:56:55.210 [info] > git status -z -uall [1596ms] (cancelled)
2024-08-28 06:57:01.489 [info] > git for-each-ref --format=%(refname)%00%(upstream:short)%00%(objectname)%00%(upstream:track)%00%(upstream:remotename)%00%(upstream:remoteref) refs/heads/master refs/remotes/master [75ms]
2024-08-28 06:57:01.489 [warning] [Git][getBranch] No such branch: master
2024-08-28 06:57:01.490 [info] [Git][getRemotes] No remotes found in the git config file
2024-08-28 06:57:01.493 [info] > git config --get commit.template [4ms]
2024-08-28 06:57:01.494 [info] > git for-each-ref --format=%(refname)%00%(upstream:short)%00%(objectname)%00%(upstream:track)%00%(upstream:remotename)%00%(upstream:remoteref) refs/heads/master refs/remotes/master [2ms]
2024-08-28 06:57:01.495 [warning] [Git][getBranch] No such branch: master
2024-08-28 06:57:02.245 [info] > git status -z -uall [748ms] (cancelled)
2024-08-28 06:57:02.245 [info] > git for-each-ref --format=%(refname)%00%(upstream:short)%00%(objectname)%00%(upstream:track)%00%(upstream:remotename)%00%(upstream:remoteref) refs/heads/master refs/remotes/master [50ms]
2024-08-28 06:57:02.245 [warning] [Git][getBranch] No such branch: master
2024-08-28 06:58:04.974 [info] > git ls-files --stage -- /teamspace/studios/this_studio/main.py [17ms]
2024-08-28 06:58:04.979 [info] > git cat-file -s 07ef8ec7a7a4d48b5f293d7d3d612053fd94b634 [3ms]
2024-08-28 06:58:05.281 [info] > git show --textconv :main.py [6ms]
2024-08-28 08:14:35.659 [info] > git ls-files --stage -- /teamspace/studios/this_studio/main.py [21ms]
2024-08-28 08:14:35.665 [info] > git cat-file -s 07ef8ec7a7a4d48b5f293d7d3d612053fd94b634 [2ms]
2024-08-28 08:14:35.942 [info] > git show --textconv :main.py [6ms]
