2024-08-24 06:26:34.039 [info] Extension host with pid 2814 started
2024-08-24 06:26:34.039 [error] Error: EEXIST: file already exists, open '/teamspace/studios/this_studio/.vscode-server/data/User/workspaceStorage/e44ac51663c7dbf3cef2fb7ab1d11736/vscode.lock'
2024-08-24 06:26:34.044 [info] Lock '/teamspace/studios/this_studio/.vscode-server/data/User/workspaceStorage/e44ac51663c7dbf3cef2fb7ab1d11736/vscode.lock': Could not acquire lock, checking if the file is stale.
2024-08-24 06:26:34.051 [info] Lock '/teamspace/studios/this_studio/.vscode-server/data/User/workspaceStorage/e44ac51663c7dbf3cef2fb7ab1d11736/vscode.lock': The pid 3473 appears to be gone.
2024-08-24 06:26:34.051 [info] Lock '/teamspace/studios/this_studio/.vscode-server/data/User/workspaceStorage/e44ac51663c7dbf3cef2fb7ab1d11736/vscode.lock': Deleting a stale lock.
2024-08-24 06:26:34.061 [info] Lock '/teamspace/studios/this_studio/.vscode-server/data/User/workspaceStorage/e44ac51663c7dbf3cef2fb7ab1d11736/vscode.lock': Lock acquired.
2024-08-24 06:26:36.021 [info] ExtensionService#_doActivateExtension vscode.emmet, startup: false, activationEvent: 'onLanguage'
2024-08-24 06:26:36.022 [info] ExtensionService#_doActivateExtension vscode.ipynb, startup: false, activationEvent: 'onNotebookSerializer:jupyter-notebook'
2024-08-24 06:26:36.022 [info] ExtensionService#_doActivateExtension vscode.tunnel-forwarding, startup: false, activationEvent: 'onTunnel'
2024-08-24 06:26:36.023 [info] ExtensionService#_doActivateExtension ms-python.python, startup: false, activationEvent: 'onLanguage:python', root cause: ms-python.debugpy
2024-08-24 06:26:37.121 [info] ExtensionService#_doActivateExtension vscode.git-base, startup: true, activationEvent: '*', root cause: vscode.git
2024-08-24 06:26:39.026 [info] ExtensionService#_doActivateExtension vscode.git, startup: true, activationEvent: '*'
2024-08-24 06:26:39.026 [info] ExtensionService#_doActivateExtension vscode.github, startup: true, activationEvent: '*'
2024-08-24 06:26:39.109 [info] ExtensionService#_doActivateExtension ms-python.debugpy, startup: false, activationEvent: 'onLanguage:python'
2024-08-24 06:26:39.109 [info] ExtensionService#_doActivateExtension ms-python.vscode-pylance, startup: false, activationEvent: 'onLanguage:python'
2024-08-24 06:26:41.074 [info] Eager extensions activated
2024-08-24 06:26:41.074 [info] ExtensionService#_doActivateExtension vscode.debug-auto-launch, startup: false, activationEvent: 'onStartupFinished'
2024-08-24 06:26:41.074 [info] ExtensionService#_doActivateExtension vscode.merge-conflict, startup: false, activationEvent: 'onStartupFinished'
2024-08-24 09:39:43.498 [error] Error: Unknown system error -116: Unknown system error -116, open '/teamspace/studios/this_studio/.vscode-server/data/User/workspaceStorage/e44ac51663c7dbf3cef2fb7ab1d11736/vscode.lock'
	at async open (node:internal/fs/promises:636:25)
	at async Object.readFile (node:internal/fs/promises:1246:14)
	at async m (/teamspace/studios/this_studio/.vscode-server/cli/servers/Stable-fee1edb8d6d72a0ddff41e5f71a671c23ed924b9/server/out/vs/workbench/api/node/extensionHostProcess.js:156:60878)
	at async /teamspace/studios/this_studio/.vscode-server/cli/servers/Stable-fee1edb8d6d72a0ddff41e5f71a671c23ed924b9/server/out/vs/workbench/api/node/extensionHostProcess.js:156:59879
2024-08-24 09:39:43.499 [info] Lock '/teamspace/studios/this_studio/.vscode-server/data/User/workspaceStorage/e44ac51663c7dbf3cef2fb7ab1d11736/vscode.lock': The lock was lost unexpectedly.
2024-08-24 09:39:43.499 [error] Error: Unknown system error -116: Unknown system error -116, utime '/teamspace/studios/this_studio/.vscode-server/data/User/workspaceStorage/e44ac51663c7dbf3cef2fb7ab1d11736/vscode.lock'
	at async Object.utimes (node:internal/fs/promises:1131:10)
	at async /teamspace/studios/this_studio/.vscode-server/cli/servers/Stable-fee1edb8d6d72a0ddff41e5f71a671c23ed924b9/server/out/vs/workbench/api/node/extensionHostProcess.js:156:59996
2024-08-24 09:39:43.499 [info] Lock '/teamspace/studios/this_studio/.vscode-server/data/User/workspaceStorage/e44ac51663c7dbf3cef2fb7ab1d11736/vscode.lock': Could not update mtime.
